Arguments: 
  /usr/local/bin/node /Users/anuoluwapo/.node/corepack/yarn/1.22.19/bin/yarn.js add --dev hardhat

PATH: 
  /usr/local/bin:/usr/bin:/bin:/usr/sbin:/sbin

Yarn version: 
  1.22.19

Node version: 
  16.17.1

Platform: 
  darwin x64

Trace: 
  Error: getaddrinfo ENOTFOUND registry.yarnpkg.com
      at GetAddrInfoReqWrap.onlookup [as oncomplete] (node:dns:109:26)

npm manifest: 
  {
    "name": "hard-hat-simple-storage",
    "version": "1.0.0",
    "main": "index.js",
    "author": "dynamite tech",
    "license": "MIT"
  }

yarn manifest: 
  No manifest

Lockfile: 
  No lockfile
